#
# A fatal error has been detected by the Java Runtime Environment:
#
#  SIGSEGV (0xb) at pc=0x000000010b7a0e4d, pid=8130, tid=40199
#
# JRE version: Java(TM) SE Runtime Environment (17.0+35) (build 17+35-LTS-2724)
# Java VM: Java HotSpot(TM) 64-Bit Server VM (17+35-LTS-2724, mixed mode, sharing, tiered, compressed oops, compressed class ptrs, g1 gc, bsd-amd64)
# Problematic frame:
# V  [libjvm.dylib+0x9a0e4d]  _ZNK6Symbol11as_C_stringEv+0xd
#
# No core dump will be written. Core dumps have been disabled. To enable core dumping, try "ulimit -c unlimited" before starting Java again
#
# If you would like to submit a bug report, please visit:
#   https://bugreport.java.com/bugreport/crash.jsp
#

---------------  S U M M A R Y ------------

Command Line: -XX:+ShowCodeDetailsInExceptionMessages -agentlib:jdwp=transport=dt_socket,suspend=y,address=localhost:62418 -javaagent:/Users/adityaagrawal/eclipse/java-2021-09/Eclipse.app/Contents/Eclipse/configuration/org.eclipse.osgi/213/0/.cp/lib/javaagent-shaded.jar -Dfile.encoding=UTF-8 UWOmpBuilder

Host: "iMac14,1" x86_64 2700 MHz, 4 cores, 8G, Darwin 19.6.0, macOS 10.15.7 (19H1419)
Time: Wed Oct 20 13:32:52 2021 IST elapsed time: 743.028536 seconds (0d 0h 12m 23s)

---------------  T H R E A D  ---------------

Current thread (0x00007fd6eb086000):  JavaThread "JDWP Transport Listener: dt_socket" daemon [_thread_in_vm, id=40199, stack(0x0000700001a44000,0x0000700001b44000)]

Stack: [0x0000700001a44000,0x0000700001b44000],  sp=0x0000700001b43ac0,  free space=1022k
Native frames: (J=compiled Java code, j=interpreted, Vv=VM code, C=native code)
V  [libjvm.dylib+0x9a0e4d]  _ZNK6Symbol11as_C_stringEv+0xd
V  [libjvm.dylib+0x6ad45a]  _ZN8JvmtiEnv17GetClassSignatureEP7oopDescPPcS3_+0x14a
V  [libjvm.dylib+0x66c80a]  _ZL23jvmti_GetClassSignatureP9_jvmtiEnvP7_jclassPPcS4_+0x15a
C  [libjdwp.dylib+0x2a70a]  classSignature+0x7a
C  [libjdwp.dylib+0x58f3]  signatureWithGeneric+0x53
C  [libjdwp.dylib+0x10963]  debugLoop_run+0x1f3
C  [libjdwp.dylib+0x24f46]  attachThread+0x76
V  [libjvm.dylib+0x6c6757]  _ZN16JvmtiAgentThread19call_start_functionEv+0x87
V  [libjvm.dylib+0x9ee092]  _ZN10JavaThread17thread_main_innerEv+0x142
V  [libjvm.dylib+0x9ec68a]  _ZN6Thread8call_runEv+0x11a
V  [libjvm.dylib+0x880fd8]  _ZL19thread_native_entryP6Thread+0x148
C  [libsystem_pthread.dylib+0x6109]  _pthread_start+0x94
C  [libsystem_pthread.dylib+0x1b8b]  thread_start+0xf


siginfo: si_signo: 11 (SIGSEGV), si_code: 1 (SEGV_MAPERR), si_addr: 0x0000000000ab0080

Register to memory mapping:

RAX=0x000000012c68a1d0 is pointing into metadata
RBX=0x0000000000ab007c is an unknown value
RCX=0x0000000000000a0f is an unknown value
RDX=0x0000000000000002 is an unknown value
RSP=0x0000700001b43ac0 is pointing into the stack for thread: 0x00007fd6eb086000
RBP=0x0000700001b43ae0 is pointing into the stack for thread: 0x00007fd6eb086000
RSI=0x00007fd6ea4277f0 points into unknown readable memory: 0x696c2f706f6d694c | 4c 69 6d 6f 70 2f 6c 69
RDI=0x0000000000ab007c is an unknown value
R8 =0x0000000000007b5b is an unknown value
R9 =0x0000000000007b5e is an unknown value
R10=0x00000000c7ffffff is an unknown value
R11=0x0 is NULL
R12=0x00007fd6ea505230 points into unknown readable memory: 0x0000000200000002 | 02 00 00 00 02 00 00 00
R13=0x00007fd6ea427b88 points into unknown readable memory: 0x0000000000000000 | 00 00 00 00 00 00 00 00
R14=0x0000000800ca43d0 is a pointer to class: 
imop.lib.transform.simplify.ExpressionSimplifier {0x0000000800ca43d0}
 - instance size:     2
 - klass size:        710
 - access:            public synchronized 
 - state:             fully_initialized
 - name:              'imop/lib/transform/simplify/ExpressionSimplifier'
 - super:             'imop/baseVisitor/GJNoArguDepthFirstProcess'
 - sub:               
 - arrays:            NULL
 - methods:           Array<T>(0x000000012c66d118)
 - method ordering:   Array<T>(0x000000012c67d490)
 - default_methods:   Array<T>(0x0000000000000000)
 - local interfaces:  Array<T>(0x00000008005bf648)
 - trans. interfaces: Array<T>(0x000000010f710770)
 - constants:         constant pool [2594] {0x000000012c68a1d0} for 'imop/lib/transform/simplify/ExpressionSimplifier' cache=0x000000012c690000
 - class loader data:  loader data: 0x00007fd6ea433730 for instance a 'jdk/internal/loader/ClassLoaders$AppClassLoader'{0x0000000783300678}
 - source file:       'ExpressionSimplifier.java'
 - source debug extension:       SMAP
ExpressionSimplifier.java
Java
*S jdt
*F
1 ExpressionSimplifier.java
2 file:/Users/adityaagrawal/imop-project/bin/
*L
*E

 - class annotations:       Array<T>(0x0000000000000000)
 - class type annotations:  Array<T>(0x0000000000000000)
 - field annotations:       Array<T>(0x0000000000000000)
 - field type annotations:  Array<T>(0x0000000000000000)
 - previous version:  constant pool [2589] {0x000000010f7a0000} for 'imop/lib/transform/simplify/ExpressionSimplifier' (extra) cache=0x000000010f7ba548
 - generic signature: '
[error occurred during error reporting (printing register info), id 0xb, SIGSEGV (0xb) at pc=0x000000010b7a22a2]

Registers:
RAX=0x000000012c68a1d0, RBX=0x0000000000ab007c, RCX=0x0000000000000a0f, RDX=0x0000000000000002
RSP=0x0000700001b43ac0, RBP=0x0000700001b43ae0, RSI=0x00007fd6ea4277f0, RDI=0x0000000000ab007c
R8 =0x0000000000007b5b, R9 =0x0000000000007b5e, R10=0x00000000c7ffffff, R11=0x0000000000000000
R12=0x00007fd6ea505230, R13=0x00007fd6ea427b88, R14=0x0000000800ca43d0, R15=0x0000000000000000
RIP=0x000000010b7a0e4d, EFLAGS=0x0000000000010202, ERR=0x0000000000000004
  TRAPNO=0x000000000000000e

Top of Stack: (sp=0x0000700001b43ac0)
0x0000700001b43ac0:   000000012c68a1d0 00007fd6ec07f620
0x0000700001b43ad0:   0000000800ca43d0 0000000000000000
0x0000700001b43ae0:   0000700001b43b50 000000010b4ad45a
0x0000700001b43af0:   00007fd6ea4277a0 00007fd6ea4277b0
0x0000700001b43b00:   00000000000003d8 0000700001b43bc8
0x0000700001b43b10:   0000700001b43c10 00007fd6ea505e90
0x0000700001b43b20:   00007fd6ea427b88 0000700001b43bc8
0x0000700001b43b30:   00007fd6ea505e90 00007fd6eb086000
0x0000700001b43b40:   00000007800f35d8 0000000000000015
0x0000700001b43b50:   0000700001b43bb0 000000010b46c80a
0x0000700001b43b60:   00007fd6eb086000 0000000000000000
0x0000700001b43b70:   00007fd600000000 0000000000000000
0x0000700001b43b80:   0000700001b43c10 0000700001b43c40
0x0000700001b43b90:   0000700001b43c08 00007fd6ec084900
0x0000700001b43ba0:   0000700001b43c10 00007fd6ea532e10
0x0000700001b43bb0:   0000700001b43bf0 000000010a4e070a
0x0000700001b43bc0:   0000700001b43bf0 00007fd6ec07f620
0x0000700001b43bd0:   0000700001b43c40 000000010a4eb458
0x0000700001b43be0:   0000700001b43c98 00007fd6ea532e10
0x0000700001b43bf0:   0000700001b43c30 000000010a4bb8f3
0x0000700001b43c00:   000000000007f477 0000000000000000
0x0000700001b43c10:   0000000000000000 000000010a4bb8a0
0x0000700001b43c20:   0000700001b43c98 0000700001b43c40
0x0000700001b43c30:   0000700001b43e50 000000010a4c6963
0x0000700001b43c40:   00007fd6ec083c98 0000000000000000
0x0000700001b43c50:   0007f47700000013 000000010b0d0200
0x0000700001b43c60:   00007fd6ec083c90 00007fd6ec084900
0x0000700001b43c70:   000000010a4e3ddb 000000010a4e3fa8
0x0000700001b43c80:   0007f47700000013 000000010b0d0200
0x0000700001b43c90:   00007fd6ec083c90 0000700001b43ce8
0x0000700001b43ca0:   00007fd60000012c 0000700001b43cb0
0x0000700001b43cb0:   00007fd600000000 0000700001b43ce8 

Instructions: (pc=0x000000010b7a0e4d)
0x000000010b7a0d4d:   88 4c 30 01 0f b6 4c 37 08 88 4c 30 02 0f b6 4c
0x000000010b7a0d5d:   37 09 88 4c 30 03 48 83 c6 04 49 39 f1 75 d4 e9
0x000000010b7a0d6d:   c4 00 00 00 44 89 ce 83 e6 e0 48 8d 4e e0 48 89
0x000000010b7a0d7d:   ca 48 c1 ea 05 48 ff c2 41 89 d2 41 83 e2 03 48
0x000000010b7a0d8d:   83 f9 60 73 04 31 d2 eb 63 4c 89 d1 48 29 d1 31
0x000000010b7a0d9d:   d2 66 90 0f 10 44 17 06 0f 10 4c 17 16 0f 11 04
0x000000010b7a0dad:   10 0f 11 4c 10 10 0f 10 44 17 26 0f 10 4c 17 36
0x000000010b7a0dbd:   0f 11 44 10 20 0f 11 4c 10 30 0f 10 44 17 46 0f
0x000000010b7a0dcd:   10 4c 17 56 0f 11 44 10 40 0f 11 4c 10 50 0f 10
0x000000010b7a0ddd:   44 17 66 0f 10 4c 17 76 0f 11 44 10 60 0f 11 4c
0x000000010b7a0ded:   10 70 48 83 ea 80 48 83 c1 04 75 a7 4d 85 d2 74
0x000000010b7a0dfd:   2e 49 f7 da 66 2e 0f 1f 84 00 00 00 00 00 0f 1f
0x000000010b7a0e0d:   44 00 00 0f 10 44 17 06 0f 10 4c 17 16 0f 11 04
0x000000010b7a0e1d:   10 0f 11 4c 10 10 48 83 c2 20 49 ff c2 75 e4 4c
0x000000010b7a0e2d:   39 ce 0f 85 d3 fe ff ff 49 63 c8 c6 04 08 00 5d
0x000000010b7a0e3d:   c3 66 90 55 48 89 e5 41 57 41 56 53 50 48 89 fb
0x000000010b7a0e4d:   44 0f b7 7f 04 49 8d 7f 01 45 31 f6 31 f6 e8 80
0x000000010b7a0e5d:   36 f6 ff 0f b7 4b 04 41 39 cf 41 0f 42 cf 85 c9
0x000000010b7a0e6d:   0f 8e 52 01 00 00 41 89 ce 83 f9 20 72 19 49 8d
0x000000010b7a0e7d:   4c 1e 06 48 39 c8 73 7c 48 89 c1 4c 01 f1 48 8d
0x000000010b7a0e8d:   53 06 48 39 ca 73 6d 31 c9 48 89 cf 48 f7 d7 4c
0x000000010b7a0e9d:   01 f7 4c 89 f6 48 83 e6 03 74 18 0f 1f 84 00 00
0x000000010b7a0ead:   00 00 00 0f b6 54 0b 06 88 14 08 48 ff c1 48 ff
0x000000010b7a0ebd:   ce 75 f0 48 83 ff 03 0f 82 fb 00 00 00 66 0f 1f
0x000000010b7a0ecd:   44 00 00 0f b6 54 0b 06 88 14 08 0f b6 54 0b 07
0x000000010b7a0edd:   88 54 08 01 0f b6 54 0b 08 88 54 08 02 0f b6 54
0x000000010b7a0eed:   0b 09 88 54 08 03 48 83 c1 04 49 39 ce 75 d4 e9
0x000000010b7a0efd:   c4 00 00 00 44 89 f1 83 e1 e0 48 8d 71 e0 48 89
0x000000010b7a0f0d:   f7 48 c1 ef 05 48 ff c7 89 fa 83 e2 03 48 83 fe
0x000000010b7a0f1d:   60 73 04 31 f6 eb 65 48 29 d7 31 f6 0f 1f 80 00
0x000000010b7a0f2d:   00 00 00 0f 10 44 33 06 0f 10 4c 33 16 0f 11 04
0x000000010b7a0f3d:   30 0f 11 4c 30 10 0f 10 44 33 26 0f 10 4c 33 36 


Stack slot to memory mapping:
stack at sp + 0 slots: 0x000000012c68a1d0 is pointing into metadata
stack at sp + 1 slots: 0x00007fd6ec07f620 points into unknown readable memory: 0x696c2f706f6d694c | 4c 69 6d 6f 70 2f 6c 69
stack at sp + 2 slots: 0x0000000800ca43d0 is a pointer to class: 
imop.lib.transform.simplify.ExpressionSimplifier {0x0000000800ca43d0}
 - instance size:     2
 - klass size:        710
 - access:            public synchronized 
 - state:             fully_initialized
 - name:              'imop/lib/transform/simplify/ExpressionSimplifier'
 - super:             'imop/baseVisitor/GJNoArguDepthFirstProcess'
 - sub:               
 - arrays:            NULL
 - methods:           Array<T>(0x000000012c66d118)
 - method ordering:   Array<T>(0x000000012c67d490)
 - default_methods:   Array<T>(0x0000000000000000)
 - local interfaces:  Array<T>(0x00000008005bf648)
 - trans. interfaces: Array<T>(0x000000010f710770)
 - constants:         constant pool [2594] {0x000000012c68a1d0} for 'imop/lib/transform/simplify/ExpressionSimplifier' cache=0x000000012c690000
 - class loader data:  loader data: 0x00007fd6ea433730 for instance a 'jdk/internal/loader/ClassLoaders$AppClassLoader'{0x0000000783300678}
 - source file:       'ExpressionSimplifier.java'
 - source debug extension:       SMAP
ExpressionSimplifier.java
Java
*S jdt
*F
1 ExpressionSimplifier.java
2 file:/Users/adityaagrawal/imop-project/bin/
*L
*E

 - class annotations:       Array<T>(0x0000000000000000)
 - class type annotations:  Array<T>(0x0000000000000000)
 - field annotations:       Array<T>(0x0000000000000000)
 - field type annotations:  Array<T>(0x0000000000000000)
 - previous version:  constant pool [2589] {0x000000010f7a0000} for 'imop/lib/transform/simplify/ExpressionSimplifier' (extra) cache=0x000000010f7ba548
 - generic signature: '
[error occurred during error reporting (inspecting top of stack), id 0xb, SIGSEGV (0xb) at pc=0x000000010b7a22a2]


---------------  P R O C E S S  ---------------

Threads class SMR info:
_java_thread_list=0x00007fd6ea466940, length=14, elements={
0x00007fd6ec808a00, 0x00007fd6eb083e00, 0x00007fd6eb086600, 0x00007fd6eb808a00,
0x00007fd6ea81ec00, 0x00007fd6ea81f800, 0x00007fd6ea81fe00, 0x00007fd6eb80b200,
0x00007fd6ec82b000, 0x00007fd6ea82f000, 0x00007fd6eb086000, 0x00007fd6eb07de00,
0x00007fd6ea830600, 0x00007fd6ea823800
}

Java Threads: ( => current thread )
  0x00007fd6ec808a00 JavaThread "main" [_thread_blocked, id=9987, stack(0x000070000090e000,0x0000700000a0e000)]
  0x00007fd6eb083e00 JavaThread "Reference Handler" daemon [_thread_blocked, id=16387, stack(0x0000700001023000,0x0000700001123000)]
  0x00007fd6eb086600 JavaThread "Finalizer" daemon [_thread_blocked, id=17411, stack(0x0000700001126000,0x0000700001226000)]
  0x00007fd6eb808a00 JavaThread "Signal Dispatcher" daemon [_thread_blocked, id=22787, stack(0x000070000132f000,0x000070000142f000)]
  0x00007fd6ea81ec00 JavaThread "Service Thread" daemon [_thread_blocked, id=23043, stack(0x0000700001432000,0x0000700001532000)]
  0x00007fd6ea81f800 JavaThread "Monitor Deflation Thread" daemon [_thread_blocked, id=23299, stack(0x0000700001535000,0x0000700001635000)]
  0x00007fd6ea81fe00 JavaThread "C2 CompilerThread0" daemon [_thread_blocked, id=41475, stack(0x0000700001638000,0x0000700001738000)]
  0x00007fd6eb80b200 JavaThread "C1 CompilerThread0" daemon [_thread_blocked, id=23555, stack(0x000070000173b000,0x000070000183b000)]
  0x00007fd6ec82b000 JavaThread "Sweeper thread" daemon [_thread_blocked, id=23811, stack(0x000070000183e000,0x000070000193e000)]
  0x00007fd6ea82f000 JavaThread "Common-Cleaner" daemon [_thread_blocked, id=40451, stack(0x0000700001941000,0x0000700001a41000)]
=>0x00007fd6eb086000 JavaThread "JDWP Transport Listener: dt_socket" daemon [_thread_in_vm, id=40199, stack(0x0000700001a44000,0x0000700001b44000)]
  0x00007fd6eb07de00 JavaThread "JDWP Event Helper Thread" daemon [_thread_blocked, id=39683, stack(0x0000700001b47000,0x0000700001c47000)]
  0x00007fd6ea830600 JavaThread "JDWP Command Reader" daemon [_thread_in_native, id=24579, stack(0x0000700001c4a000,0x0000700001d4a000)]
  0x00007fd6ea823800 JavaThread "Notification Thread" daemon [_thread_blocked, id=24835, stack(0x0000700001d4d000,0x0000700001e4d000)]

Other Threads:
  0x00007fd6ec014860 VMThread "VM Thread" [stack: 0x0000700000f20000,0x0000700001020000] [id=18179]
  0x00007fd6ea467370 WatcherThread [stack: 0x0000700001e50000,0x0000700001f50000] [id=25091]
  0x00007fd6ec0139c0 GCTaskThread "GC Thread#0" [stack: 0x0000700000a11000,0x0000700000b11000] [id=12547]
  0x00007fd6ea578650 GCTaskThread "GC Thread#1" [stack: 0x0000700001f53000,0x0000700002053000] [id=25347]
  0x00007fd6ea578f50 GCTaskThread "GC Thread#2" [stack: 0x0000700002056000,0x0000700002156000] [id=25859]
  0x00007fd6ec047e10 GCTaskThread "GC Thread#3" [stack: 0x0000700002159000,0x0000700002259000] [id=38659]
  0x00007fd6ea506700 ConcurrentGCThread "G1 Main Marker" [stack: 0x0000700000b14000,0x0000700000c14000] [id=19971]
  0x00007fd6ea507430 ConcurrentGCThread "G1 Conc#0" [stack: 0x0000700000c17000,0x0000700000d17000] [id=13571]
  0x00007fd6ea520ac0 ConcurrentGCThread "G1 Refine#0" [stack: 0x0000700000d1a000,0x0000700000e1a000] [id=14339]
  0x00007fd6ea49e510 ConcurrentGCThread "G1 Refine#1" [stack: 0x000070000225c000,0x000070000235c000] [id=38403]
  0x00007fd6ea521820 ConcurrentGCThread "G1 Service" [stack: 0x0000700000e1d000,0x0000700000f1d000] [id=19203]

Threads with active compile tasks:

VM state: not at safepoint (normal execution)

VM Mutex/Monitor currently owned by a thread: None

Heap address: 0x0000000780000000, size: 2048 MB, Compressed Oops mode: Zero based, Oop shift amount: 3

CDS archive(s) mapped at: [0x0000000800000000-0x0000000800bd0000-0x0000000800bd0000), size 12386304, SharedBaseAddress: 0x0000000800000000, ArchiveRelocationMode: 0.
Compressed class space mapped at: 0x0000000800c00000-0x0000000840c00000, reserved size: 1073741824
Narrow klass base: 0x0000000800000000, Narrow klass shift: 0, Narrow klass range: 0x100000000

GC Precious Log:
 CPUs: 4 total, 4 available
 Memory: 8192M
 Large Page Support: Disabled
 NUMA Support: Disabled
 Compressed Oops: Enabled (Zero based)
 Heap Region Size: 1M
 Heap Min Capacity: 8M
 Heap Initial Capacity: 128M
 Heap Max Capacity: 2G
 Pre-touch: Disabled
 Parallel Workers: 4
 Concurrent Workers: 1
 Concurrent Refinement Workers: 4
 Periodic GC: Disabled

Heap:
 garbage-first heap   total 133120K, used 47807K [0x0000000780000000, 0x0000000800000000)
  region size 1024K, 42 young (43008K), 10 survivors (10240K)
 Metaspace       used 10691K, committed 10880K, reserved 1064960K
  class space    used 1044K, committed 1152K, reserved 1048576K

Heap Regions: E=young(eden), S=young(survivor), O=old, HS=humongous(starts), HC=humongous(continues), CS=collection set, F=free, OA=open archive, CA=closed archive, TAMS=top-at-mark-start (previous, next)
|   0|0x0000000780000000, 0x0000000780100000, 0x0000000780100000|100%| O|  |TAMS 0x0000000780000000, 0x0000000780000000| Untracked 
|   1|0x0000000780100000, 0x0000000780200000, 0x0000000780200000|100%| O|  |TAMS 0x0000000780100000, 0x0000000780100000| Untracked 
|   2|0x0000000780200000, 0x0000000780300000, 0x0000000780300000|100%| O|  |TAMS 0x0000000780200000, 0x0000000780200000| Untracked 
|   3|0x0000000780300000, 0x0000000780400000, 0x0000000780400000|100%| O|  |TAMS 0x0000000780300000, 0x0000000780300000| Untracked 
|   4|0x0000000780400000, 0x00000007804bac00, 0x0000000780500000| 72%| O|  |TAMS 0x0000000780400000, 0x0000000780400000| Untracked 
|   5|0x0000000780500000, 0x0000000780500000, 0x0000000780600000|  0%| F|  |TAMS 0x0000000780500000, 0x0000000780500000| Untracked 
|   6|0x0000000780600000, 0x0000000780600000, 0x0000000780700000|  0%| F|  |TAMS 0x0000000780600000, 0x0000000780600000| Untracked 
|   7|0x0000000780700000, 0x0000000780700000, 0x0000000780800000|  0%| F|  |TAMS 0x0000000780700000, 0x0000000780700000| Untracked 
|   8|0x0000000780800000, 0x0000000780800000, 0x0000000780900000|  0%| F|  |TAMS 0x0000000780800000, 0x0000000780800000| Untracked 
|   9|0x0000000780900000, 0x0000000780900000, 0x0000000780a00000|  0%| F|  |TAMS 0x0000000780900000, 0x0000000780900000| Untracked 
|  10|0x0000000780a00000, 0x0000000780a00000, 0x0000000780b00000|  0%| F|  |TAMS 0x0000000780a00000, 0x0000000780a00000| Untracked 
|  11|0x0000000780b00000, 0x0000000780b00000, 0x0000000780c00000|  0%| F|  |TAMS 0x0000000780b00000, 0x0000000780b00000| Untracked 
|  12|0x0000000780c00000, 0x0000000780c00000, 0x0000000780d00000|  0%| F|  |TAMS 0x0000000780c00000, 0x0000000780c00000| Untracked 
|  13|0x0000000780d00000, 0x0000000780d00000, 0x0000000780e00000|  0%| F|  |TAMS 0x0000000780d00000, 0x0000000780d00000| Untracked 
|  14|0x0000000780e00000, 0x0000000780e00000, 0x0000000780f00000|  0%| F|  |TAMS 0x0000000780e00000, 0x0000000780e00000| Untracked 
|  15|0x0000000780f00000, 0x0000000780f00000, 0x0000000781000000|  0%| F|  |TAMS 0x0000000780f00000, 0x0000000780f00000| Untracked 
|  16|0x0000000781000000, 0x0000000781000000, 0x0000000781100000|  0%| F|  |TAMS 0x0000000781000000, 0x0000000781000000| Untracked 
|  17|0x0000000781100000, 0x0000000781100000, 0x0000000781200000|  0%| F|  |TAMS 0x0000000781100000, 0x0000000781100000| Untracked 
|  18|0x0000000781200000, 0x0000000781200000, 0x0000000781300000|  0%| F|  |TAMS 0x0000000781200000, 0x0000000781200000| Untracked 
|  19|0x0000000781300000, 0x0000000781300000, 0x0000000781400000|  0%| F|  |TAMS 0x0000000781300000, 0x0000000781300000| Untracked 
|  20|0x0000000781400000, 0x0000000781400000, 0x0000000781500000|  0%| F|  |TAMS 0x0000000781400000, 0x0000000781400000| Untracked 
|  21|0x0000000781500000, 0x0000000781500000, 0x0000000781600000|  0%| F|  |TAMS 0x0000000781500000, 0x0000000781500000| Untracked 
|  22|0x0000000781600000, 0x0000000781600000, 0x0000000781700000|  0%| F|  |TAMS 0x0000000781600000, 0x0000000781600000| Untracked 
|  23|0x0000000781700000, 0x0000000781700000, 0x0000000781800000|  0%| F|  |TAMS 0x0000000781700000, 0x0000000781700000| Untracked 
|  24|0x0000000781800000, 0x0000000781800000, 0x0000000781900000|  0%| F|  |TAMS 0x0000000781800000, 0x0000000781800000| Untracked 
|  25|0x0000000781900000, 0x0000000781900000, 0x0000000781a00000|  0%| F|  |TAMS 0x0000000781900000, 0x0000000781900000| Untracked 
|  26|0x0000000781a00000, 0x0000000781a00000, 0x0000000781b00000|  0%| F|  |TAMS 0x0000000781a00000, 0x0000000781a00000| Untracked 
|  27|0x0000000781b00000, 0x0000000781b00000, 0x0000000781c00000|  0%| F|  |TAMS 0x0000000781b00000, 0x0000000781b00000| Untracked 
|  28|0x0000000781c00000, 0x0000000781c00000, 0x0000000781d00000|  0%| F|  |TAMS 0x0000000781c00000, 0x0000000781c00000| Untracked 
|  29|0x0000000781d00000, 0x0000000781d00000, 0x0000000781e00000|  0%| F|  |TAMS 0x0000000781d00000, 0x0000000781d00000| Untracked 
|  30|0x0000000781e00000, 0x0000000781e00000, 0x0000000781f00000|  0%| F|  |TAMS 0x0000000781e00000, 0x0000000781e00000| Untracked 
|  31|0x0000000781f00000, 0x0000000781f00000, 0x0000000782000000|  0%| F|  |TAMS 0x0000000781f00000, 0x0000000781f00000| Untracked 
|  32|0x0000000782000000, 0x0000000782000000, 0x0000000782100000|  0%| F|  |TAMS 0x0000000782000000, 0x0000000782000000| Untracked 
|  33|0x0000000782100000, 0x0000000782100000, 0x0000000782200000|  0%| F|  |TAMS 0x0000000782100000, 0x0000000782100000| Untracked 
|  34|0x0000000782200000, 0x0000000782200000, 0x0000000782300000|  0%| F|  |TAMS 0x0000000782200000, 0x0000000782200000| Untracked 
|  35|0x0000000782300000, 0x0000000782300000, 0x0000000782400000|  0%| F|  |TAMS 0x0000000782300000, 0x0000000782300000| Untracked 
|  36|0x0000000782400000, 0x0000000782400000, 0x0000000782500000|  0%| F|  |TAMS 0x0000000782400000, 0x0000000782400000| Untracked 
|  37|0x0000000782500000, 0x0000000782500000, 0x0000000782600000|  0%| F|  |TAMS 0x0000000782500000, 0x0000000782500000| Untracked 
|  38|0x0000000782600000, 0x0000000782600000, 0x0000000782700000|  0%| F|  |TAMS 0x0000000782600000, 0x0000000782600000| Untracked 
|  39|0x0000000782700000, 0x0000000782700000, 0x0000000782800000|  0%| F|  |TAMS 0x0000000782700000, 0x0000000782700000| Untracked 
|  40|0x0000000782800000, 0x0000000782800000, 0x0000000782900000|  0%| F|  |TAMS 0x0000000782800000, 0x0000000782800000| Untracked 
|  41|0x0000000782900000, 0x0000000782900000, 0x0000000782a00000|  0%| F|  |TAMS 0x0000000782900000, 0x0000000782900000| Untracked 
|  42|0x0000000782a00000, 0x0000000782b00000, 0x0000000782b00000|100%| S|CS|TAMS 0x0000000782a00000, 0x0000000782a00000| Complete 
|  43|0x0000000782b00000, 0x0000000782c00000, 0x0000000782c00000|100%| S|CS|TAMS 0x0000000782b00000, 0x0000000782b00000| Complete 
|  44|0x0000000782c00000, 0x0000000782d00000, 0x0000000782d00000|100%| S|CS|TAMS 0x0000000782c00000, 0x0000000782c00000| Complete 
|  45|0x0000000782d00000, 0x0000000782e00000, 0x0000000782e00000|100%| S|CS|TAMS 0x0000000782d00000, 0x0000000782d00000| Complete 
|  46|0x0000000782e00000, 0x0000000782f00000, 0x0000000782f00000|100%| S|CS|TAMS 0x0000000782e00000, 0x0000000782e00000| Complete 
|  47|0x0000000782f00000, 0x0000000783000000, 0x0000000783000000|100%| S|CS|TAMS 0x0000000782f00000, 0x0000000782f00000| Complete 
|  48|0x0000000783000000, 0x0000000783100000, 0x0000000783100000|100%| S|CS|TAMS 0x0000000783000000, 0x0000000783000000| Complete 
|  49|0x0000000783100000, 0x0000000783200000, 0x0000000783200000|100%| S|CS|TAMS 0x0000000783100000, 0x0000000783100000| Complete 
|  50|0x0000000783200000, 0x0000000783300000, 0x0000000783300000|100%| S|CS|TAMS 0x0000000783200000, 0x0000000783200000| Complete 
|  51|0x0000000783300000, 0x0000000783400000, 0x0000000783400000|100%| S|CS|TAMS 0x0000000783300000, 0x0000000783300000| Complete 
|  52|0x0000000783400000, 0x0000000783400000, 0x0000000783500000|  0%| F|  |TAMS 0x0000000783400000, 0x0000000783400000| Untracked 
|  53|0x0000000783500000, 0x0000000783500000, 0x0000000783600000|  0%| F|  |TAMS 0x0000000783500000, 0x0000000783500000| Untracked 
|  54|0x0000000783600000, 0x0000000783600000, 0x0000000783700000|  0%| F|  |TAMS 0x0000000783600000, 0x0000000783600000| Untracked 
|  55|0x0000000783700000, 0x0000000783700000, 0x0000000783800000|  0%| F|  |TAMS 0x0000000783700000, 0x0000000783700000| Untracked 
|  56|0x0000000783800000, 0x0000000783800000, 0x0000000783900000|  0%| F|  |TAMS 0x0000000783800000, 0x0000000783800000| Untracked 
|  57|0x0000000783900000, 0x0000000783900000, 0x0000000783a00000|  0%| F|  |TAMS 0x0000000783900000, 0x0000000783900000| Untracked 
|  58|0x0000000783a00000, 0x0000000783a00000, 0x0000000783b00000|  0%| F|  |TAMS 0x0000000783a00000, 0x0000000783a00000| Untracked 
|  59|0x0000000783b00000, 0x0000000783b00000, 0x0000000783c00000|  0%| F|  |TAMS 0x0000000783b00000, 0x0000000783b00000| Untracked 
|  60|0x0000000783c00000, 0x0000000783c00000, 0x0000000783d00000|  0%| F|  |TAMS 0x0000000783c00000, 0x0000000783c00000| Untracked 
|  61|0x0000000783d00000, 0x0000000783d00000, 0x0000000783e00000|  0%| F|  |TAMS 0x0000000783d00000, 0x0000000783d00000| Untracked 
|  62|0x0000000783e00000, 0x0000000783e00000, 0x0000000783f00000|  0%| F|  |TAMS 0x0000000783e00000, 0x0000000783e00000| Untracked 
|  63|0x0000000783f00000, 0x0000000783f00000, 0x0000000784000000|  0%| F|  |TAMS 0x0000000783f00000, 0x0000000783f00000| Untracked 
|  64|0x0000000784000000, 0x0000000784000000, 0x0000000784100000|  0%| F|  |TAMS 0x0000000784000000, 0x0000000784000000| Untracked 
|  65|0x0000000784100000, 0x0000000784100000, 0x0000000784200000|  0%| F|  |TAMS 0x0000000784100000, 0x0000000784100000| Untracked 
|  66|0x0000000784200000, 0x0000000784200000, 0x0000000784300000|  0%| F|  |TAMS 0x0000000784200000, 0x0000000784200000| Untracked 
|  67|0x0000000784300000, 0x0000000784300000, 0x0000000784400000|  0%| F|  |TAMS 0x0000000784300000, 0x0000000784300000| Untracked 
|  68|0x0000000784400000, 0x0000000784400000, 0x0000000784500000|  0%| F|  |TAMS 0x0000000784400000, 0x0000000784400000| Untracked 
|  69|0x0000000784500000, 0x0000000784500000, 0x0000000784600000|  0%| F|  |TAMS 0x0000000784500000, 0x0000000784500000| Untracked 
|  70|0x0000000784600000, 0x0000000784600000, 0x0000000784700000|  0%| F|  |TAMS 0x0000000784600000, 0x0000000784600000| Untracked 
|  71|0x0000000784700000, 0x0000000784700000, 0x0000000784800000|  0%| F|  |TAMS 0x0000000784700000, 0x0000000784700000| Untracked 
|  72|0x0000000784800000, 0x0000000784800000, 0x0000000784900000|  0%| F|  |TAMS 0x0000000784800000, 0x0000000784800000| Untracked 
|  73|0x0000000784900000, 0x0000000784900000, 0x0000000784a00000|  0%| F|  |TAMS 0x0000000784900000, 0x0000000784900000| Untracked 
|  74|0x0000000784a00000, 0x0000000784a00000, 0x0000000784b00000|  0%| F|  |TAMS 0x0000000784a00000, 0x0000000784a00000| Untracked 
|  75|0x0000000784b00000, 0x0000000784b00000, 0x0000000784c00000|  0%| F|  |TAMS 0x0000000784b00000, 0x0000000784b00000| Untracked 
|  76|0x0000000784c00000, 0x0000000784c00000, 0x0000000784d00000|  0%| F|  |TAMS 0x0000000784c00000, 0x0000000784c00000| Untracked 
|  77|0x0000000784d00000, 0x0000000784d00000, 0x0000000784e00000|  0%| F|  |TAMS 0x0000000784d00000, 0x0000000784d00000| Untracked 
|  78|0x0000000784e00000, 0x0000000784e00000, 0x0000000784f00000|  0%| F|  |TAMS 0x0000000784e00000, 0x0000000784e00000| Untracked 
|  79|0x0000000784f00000, 0x0000000784f00000, 0x0000000785000000|  0%| F|  |TAMS 0x0000000784f00000, 0x0000000784f00000| Untracked 
|  80|0x0000000785000000, 0x0000000785000000, 0x0000000785100000|  0%| F|  |TAMS 0x0000000785000000, 0x0000000785000000| Untracked 
|  81|0x0000000785100000, 0x0000000785100000, 0x0000000785200000|  0%| F|  |TAMS 0x0000000785100000, 0x0000000785100000| Untracked 
|  82|0x0000000785200000, 0x0000000785200000, 0x0000000785300000|  0%| F|  |TAMS 0x0000000785200000, 0x0000000785200000| Untracked 
|  83|0x0000000785300000, 0x0000000785300000, 0x0000000785400000|  0%| F|  |TAMS 0x0000000785300000, 0x0000000785300000| Untracked 
|  84|0x0000000785400000, 0x0000000785400000, 0x0000000785500000|  0%| F|  |TAMS 0x0000000785400000, 0x0000000785400000| Untracked 
|  85|0x0000000785500000, 0x0000000785500000, 0x0000000785600000|  0%| F|  |TAMS 0x0000000785500000, 0x0000000785500000| Untracked 
|  86|0x0000000785600000, 0x0000000785600000, 0x0000000785700000|  0%| F|  |TAMS 0x0000000785600000, 0x0000000785600000| Untracked 
|  87|0x0000000785700000, 0x0000000785700000, 0x0000000785800000|  0%| F|  |TAMS 0x0000000785700000, 0x0000000785700000| Untracked 
|  88|0x0000000785800000, 0x0000000785800000, 0x0000000785900000|  0%| F|  |TAMS 0x0000000785800000, 0x0000000785800000| Untracked 
|  89|0x0000000785900000, 0x0000000785900000, 0x0000000785a00000|  0%| F|  |TAMS 0x0000000785900000, 0x0000000785900000| Untracked 
|  90|0x0000000785a00000, 0x0000000785a00000, 0x0000000785b00000|  0%| F|  |TAMS 0x0000000785a00000, 0x0000000785a00000| Untracked 
|  91|0x0000000785b00000, 0x0000000785b00000, 0x0000000785c00000|  0%| F|  |TAMS 0x0000000785b00000, 0x0000000785b00000| Untracked 
|  92|0x0000000785c00000, 0x0000000785c00000, 0x0000000785d00000|  0%| F|  |TAMS 0x0000000785c00000, 0x0000000785c00000| Untracked 
|  93|0x0000000785d00000, 0x0000000785d00000, 0x0000000785e00000|  0%| F|  |TAMS 0x0000000785d00000, 0x0000000785d00000| Untracked 
|  94|0x0000000785e00000, 0x0000000785e00000, 0x0000000785f00000|  0%| F|  |TAMS 0x0000000785e00000, 0x0000000785e00000| Untracked 
|  95|0x0000000785f00000, 0x0000000785f00000, 0x0000000786000000|  0%| F|  |TAMS 0x0000000785f00000, 0x0000000785f00000| Untracked 
|  96|0x0000000786000000, 0x0000000786100000, 0x0000000786100000|100%| E|  |TAMS 0x0000000786000000, 0x0000000786000000| Complete 
|  97|0x0000000786100000, 0x0000000786200000, 0x0000000786200000|100%| E|CS|TAMS 0x0000000786100000, 0x0000000786100000| Complete 
|  98|0x0000000786200000, 0x0000000786300000, 0x0000000786300000|100%| E|CS|TAMS 0x0000000786200000, 0x0000000786200000| Complete 
|  99|0x0000000786300000, 0x0000000786400000, 0x0000000786400000|100%| E|CS|TAMS 0x0000000786300000, 0x0000000786300000| Complete 
| 100|0x0000000786400000, 0x0000000786500000, 0x0000000786500000|100%| E|CS|TAMS 0x0000000786400000, 0x0000000786400000| Complete 
| 101|0x0000000786500000, 0x0000000786600000, 0x0000000786600000|100%| E|CS|TAMS 0x0000000786500000, 0x0000000786500000| Complete 
| 102|0x0000000786600000, 0x0000000786700000, 0x0000000786700000|100%| E|CS|TAMS 0x0000000786600000, 0x0000000786600000| Complete 
| 103|0x0000000786700000, 0x0000000786800000, 0x0000000786800000|100%| E|CS|TAMS 0x0000000786700000, 0x0000000786700000| Complete 
| 104|0x0000000786800000, 0x0000000786900000, 0x0000000786900000|100%| E|CS|TAMS 0x0000000786800000, 0x0000000786800000| Complete 
| 105|0x0000000786900000, 0x0000000786a00000, 0x0000000786a00000|100%| E|CS|TAMS 0x0000000786900000, 0x0000000786900000| Complete 
| 106|0x0000000786a00000, 0x0000000786b00000, 0x0000000786b00000|100%| E|CS|TAMS 0x0000000786a00000, 0x0000000786a00000| Complete 
| 107|0x0000000786b00000, 0x0000000786c00000, 0x0000000786c00000|100%| E|CS|TAMS 0x0000000786b00000, 0x0000000786b00000| Complete 
| 108|0x0000000786c00000, 0x0000000786d00000, 0x0000000786d00000|100%| E|CS|TAMS 0x0000000786c00000, 0x0000000786c00000| Complete 
| 109|0x0000000786d00000, 0x0000000786e00000, 0x0000000786e00000|100%| E|CS|TAMS 0x0000000786d00000, 0x0000000786d00000| Complete 
| 110|0x0000000786e00000, 0x0000000786f00000, 0x0000000786f00000|100%| E|CS|TAMS 0x0000000786e00000, 0x0000000786e00000| Complete 
| 111|0x0000000786f00000, 0x0000000787000000, 0x0000000787000000|100%| E|CS|TAMS 0x0000000786f00000, 0x0000000786f00000| Complete 
| 112|0x0000000787000000, 0x0000000787100000, 0x0000000787100000|100%| E|CS|TAMS 0x0000000787000000, 0x0000000787000000| Complete 
| 113|0x0000000787100000, 0x0000000787200000, 0x0000000787200000|100%| E|CS|TAMS 0x0000000787100000, 0x0000000787100000| Complete 
| 114|0x0000000787200000, 0x0000000787300000, 0x0000000787300000|100%| E|CS|TAMS 0x0000000787200000, 0x0000000787200000| Complete 
| 115|0x0000000787300000, 0x0000000787400000, 0x0000000787400000|100%| E|CS|TAMS 0x0000000787300000, 0x0000000787300000| Complete 
| 116|0x0000000787400000, 0x0000000787500000, 0x0000000787500000|100%| E|CS|TAMS 0x0000000787400000, 0x0000000787400000| Complete 
| 117|0x0000000787500000, 0x0000000787600000, 0x0000000787600000|100%| E|CS|TAMS 0x0000000787500000, 0x0000000787500000| Complete 
| 118|0x0000000787600000, 0x0000000787700000, 0x0000000787700000|100%| E|CS|TAMS 0x0000000787600000, 0x0000000787600000| Complete 
| 119|0x0000000787700000, 0x0000000787800000, 0x0000000787800000|100%| E|CS|TAMS 0x0000000787700000, 0x0000000787700000| Complete 
| 120|0x0000000787800000, 0x0000000787900000, 0x0000000787900000|100%| E|CS|TAMS 0x0000000787800000, 0x0000000787800000| Complete 
| 121|0x0000000787900000, 0x0000000787a00000, 0x0000000787a00000|100%| E|CS|TAMS 0x0000000787900000, 0x0000000787900000| Complete 
| 122|0x0000000787a00000, 0x0000000787b00000, 0x0000000787b00000|100%| E|CS|TAMS 0x0000000787a00000, 0x0000000787a00000| Complete 
| 123|0x0000000787b00000, 0x0000000787c00000, 0x0000000787c00000|100%| E|CS|TAMS 0x0000000787b00000, 0x0000000787b00000| Complete 
| 124|0x0000000787c00000, 0x0000000787d00000, 0x0000000787d00000|100%| E|CS|TAMS 0x0000000787c00000, 0x0000000787c00000| Complete 
| 125|0x0000000787d00000, 0x0000000787e00000, 0x0000000787e00000|100%| E|CS|TAMS 0x0000000787d00000, 0x0000000787d00000| Complete 
| 126|0x0000000787e00000, 0x0000000787f00000, 0x0000000787f00000|100%| E|CS|TAMS 0x0000000787e00000, 0x0000000787e00000| Complete 
| 127|0x0000000787f00000, 0x0000000788000000, 0x0000000788000000|100%| E|CS|TAMS 0x0000000787f00000, 0x0000000787f00000| Complete 
|2046|0x00000007ffe00000, 0x00000007ffe76000, 0x00000007fff00000| 46%|OA|  |TAMS 0x00000007ffe00000, 0x00000007ffe00000| Untracked 
|2047|0x00000007fff00000, 0x00000007fff7f000, 0x0000000800000000| 49%|CA|  |TAMS 0x00000007fff00000, 0x00000007fff00000| Untracked 

Card table byte_map: [0x000000010c42e000,0x000000010c82e000] _byte_map_base: 0x000000010882e000

Marking Bits (Prev, Next): (CMBitMap*) 0x00007fd6eb008810, (CMBitMap*) 0x00007fd6eb008850
 Prev Bits: [0x000000010cc2e000, 0x000000010ec2e000)
 Next Bits: [0x0000000126694000, 0x0000000128694000)

Polling page: 0x000000010a4b4000

Metaspace:

Usage:
  Non-class:      9.42 MB used.
      Class:      1.02 MB used.
       Both:     10.44 MB used.

Virtual space:
  Non-class space:       16.00 MB reserved,       9.50 MB ( 59%) committed,  2 nodes.
      Class space:        1.00 GB reserved,       1.12 MB ( <1%) committed,  1 nodes.
             Both:        1.02 GB reserved,      10.62 MB (  1%) committed. 

Chunk freelists:
   Non-Class:  1.41 MB
       Class:  2.73 MB
        Both:  4.13 MB

MaxMetaspaceSize: unlimited
CompressedClassSpaceSize: 1.00 GB
Initial GC threshold: 21.00 MB
Current GC threshold: 21.00 MB
CDS: on
MetaspaceReclaimPolicy: balanced
 - commit_granule_bytes: 65536.
 - commit_granule_words: 8192.
 - virtual_space_node_default_size: 1048576.
 - enlarge_chunks_in_place: 1.
 - new_chunks_are_fully_committed: 0.
 - uncommit_free_chunks: 1.
 - use_allocation_guard: 0.
 - handle_deallocations: 1.


Internal statistics:

num_allocs_failed_limit: 0.
num_arena_births: 52.
num_arena_deaths: 0.
num_vsnodes_births: 3.
num_vsnodes_deaths: 0.
num_space_committed: 170.
num_space_uncommitted: 0.
num_chunks_returned_to_freelist: 0.
num_chunks_taken_from_freelist: 371.
num_chunk_merges: 0.
num_chunk_splits: 263.
num_chunks_enlarged: 196.
num_purges: 0.
num_inconsistent_stats: 0.

CodeHeap 'non-profiled nmethods': size=120032Kb used=2116Kb max_used=2116Kb free=117915Kb
 bounds [0x000000011f15c000, 0x000000011f3cc000, 0x0000000126694000]
CodeHeap 'profiled nmethods': size=120028Kb used=4884Kb max_used=4884Kb free=115143Kb
 bounds [0x0000000117c25000, 0x00000001180f5000, 0x000000011f15c000]
CodeHeap 'non-nmethods': size=5700Kb used=1200Kb max_used=1250Kb free=4499Kb
 bounds [0x0000000117694000, 0x0000000117904000, 0x0000000117c25000]
 total_blobs=2712 nmethods=2289 adapters=335
 compilation: enabled
              stopped_count=0, restarted_count=0
 full_count=0

Compilation events (20 events):
Event: 37.136 Thread 0x00007fd6eb80b200 nmethod 2295 0x00000001180e9710 code [0x00000001180e9920, 0x00000001180ea0d0]
Event: 37.227 Thread 0x00007fd6ea81fe00 nmethod 2232 0x000000011f354e90 code [0x000000011f3552a0, 0x000000011f35d5b0]
Event: 37.227 Thread 0x00007fd6ea81fe00 2258       4       java.util.HashMap::getNode (150 bytes)
Event: 37.231 Thread 0x00007fd6ea81fe00 nmethod 2258 0x000000011f35f390 code [0x000000011f35f520, 0x000000011f35f898]
Event: 37.231 Thread 0x00007fd6ea81fe00 2245       4       java.util.HashSet::contains (9 bytes)
Event: 37.235 Thread 0x00007fd6ea81fe00 nmethod 2245 0x000000011f35fb10 code [0x000000011f35fcc0, 0x000000011f3600d8]
Event: 37.235 Thread 0x00007fd6ea81fe00 2253       4       java.util.HashMap::containsKey (14 bytes)
Event: 37.238 Thread 0x00007fd6ea81fe00 nmethod 2253 0x000000011f360490 code [0x000000011f360620, 0x000000011f360958]
Event: 37.238 Thread 0x00007fd6ea81fe00 2252       4       imop.ast.node.external.NodeListOptional::accept (8 bytes)
Event: 37.238 Thread 0x00007fd6ea81fe00 nmethod 2252 0x000000011f360c90 code [0x000000011f360e20, 0x000000011f360eb8]
Event: 37.238 Thread 0x00007fd6ea81fe00 2247       4       java.util.HashSet::iterator (13 bytes)
Event: 37.247 Thread 0x00007fd6ea81fe00 nmethod 2247 0x000000011f360f90 code [0x000000011f361160, 0x000000011f3618f8]
Event: 37.247 Thread 0x00007fd6ea81fe00 2293       4       java.util.HashMap::hash (20 bytes)
Event: 37.247 Thread 0x00007fd6ea81fe00 nmethod 2293 0x000000011f361c90 code [0x000000011f361e20, 0x000000011f361ef8]
Event: 37.247 Thread 0x00007fd6ea81fe00 2259       4       java.util.regex.Pattern$CharProperty::study (29 bytes)
Event: 37.251 Thread 0x00007fd6ea81fe00 nmethod 2259 0x000000011f362010 code [0x000000011f362200, 0x000000011f362768]
Event: 37.251 Thread 0x00007fd6ea81fe00 2268       4       jdk.internal.reflect.ByteVectorImpl::getLength (7 bytes)
Event: 37.251 Thread 0x00007fd6ea81fe00 nmethod 2268 0x000000011f362b10 code [0x000000011f362c80, 0x000000011f362cf8]
Event: 37.251 Thread 0x00007fd6ea81fe00 2233       4       imop.parser.FrontEnd$CParser::jj_3R_203 (20 bytes)
Event: 37.421 Thread 0x00007fd6ea81fe00 nmethod 2233 0x000000011f362e10 code [0x000000011f363220, 0x000000011f36b370]

GC Heap History (6 events):
Event: 0.968 GC heap before
{Heap before GC invocations=0 (full 0):
 garbage-first heap   total 133120K, used 14292K [0x0000000780000000, 0x0000000800000000)
  region size 1024K, 13 young (13312K), 0 survivors (0K)
 Metaspace       used 3865K, committed 3968K, reserved 1056768K
  class space    used 362K, committed 384K, reserved 1048576K
}
Event: 0.970 GC heap after
{Heap after GC invocations=1 (full 0):
 garbage-first heap   total 133120K, used 2473K [0x0000000780000000, 0x0000000800000000)
  region size 1024K, 2 young (2048K), 2 survivors (2048K)
 Metaspace       used 3865K, committed 3968K, reserved 1056768K
  class space    used 362K, committed 384K, reserved 1048576K
}
Event: 1.744 GC heap before
{Heap before GC invocations=1 (full 0):
 garbage-first heap   total 133120K, used 26025K [0x0000000780000000, 0x0000000800000000)
  region size 1024K, 26 young (26624K), 2 survivors (2048K)
 Metaspace       used 6949K, committed 7104K, reserved 1056768K
  class space    used 657K, committed 704K, reserved 1048576K
}
Event: 1.746 GC heap after
{Heap after GC invocations=2 (full 0):
 garbage-first heap   total 133120K, used 2949K [0x0000000780000000, 0x0000000800000000)
  region size 1024K, 2 young (2048K), 2 survivors (2048K)
 Metaspace       used 6949K, committed 7104K, reserved 1056768K
  class space    used 657K, committed 704K, reserved 1048576K
}
Event: 36.448 GC heap before
{Heap before GC invocations=2 (full 0):
 garbage-first heap   total 133120K, used 78725K [0x0000000780000000, 0x0000000800000000)
  region size 1024K, 76 young (77824K), 2 survivors (2048K)
 Metaspace       used 9887K, committed 10048K, reserved 1064960K
  class space    used 939K, committed 1024K, reserved 1048576K
}
Event: 36.466 GC heap after
{Heap after GC invocations=3 (full 0):
 garbage-first heap   total 133120K, used 16063K [0x0000000780000000, 0x0000000800000000)
  region size 1024K, 10 young (10240K), 10 survivors (10240K)
 Metaspace       used 9887K, committed 10048K, reserved 1064960K
  class space    used 939K, committed 1024K, reserved 1048576K
}

Deoptimization events (20 events):
Event: 37.113 Thread 0x00007fd6ec808a00 Uncommon trap: trap_request=0xffffff45 fr.pc=0x000000011f34fc3c relative=0x00000000000004fc
Event: 37.113 Thread 0x00007fd6ec808a00 Uncommon trap: reason=unstable_if action=reinterpret pc=0x000000011f34fc3c method=java.util.regex.Pattern.escape(ZZZ)I @ 8 c2
Event: 37.113 Thread 0x00007fd6ec808a00 DEOPT PACKING pc=0x000000011f34fc3c sp=0x0000700000a0cf70
Event: 37.113 Thread 0x00007fd6ec808a00 DEOPT UNPACKING pc=0x00000001176e6099 sp=0x0000700000a0cf20 mode 2
Event: 37.113 Thread 0x00007fd6ec808a00 Uncommon trap: trap_request=0xffffffde fr.pc=0x000000011f268a54 relative=0x0000000000000954
Event: 37.113 Thread 0x00007fd6ec808a00 Uncommon trap: reason=class_check action=maybe_recompile pc=0x000000011f268a54 method=java.util.regex.Matcher.search(I)Z @ 121 c2
Event: 37.113 Thread 0x00007fd6ec808a00 DEOPT PACKING pc=0x000000011f268a54 sp=0x0000700000a0d380
Event: 37.113 Thread 0x00007fd6ec808a00 DEOPT UNPACKING pc=0x00000001176e6099 sp=0x0000700000a0d360 mode 2
Event: 37.113 Thread 0x00007fd6ec808a00 Uncommon trap: trap_request=0xffffffde fr.pc=0x000000011f268a54 relative=0x0000000000000954
Event: 37.113 Thread 0x00007fd6ec808a00 Uncommon trap: reason=class_check action=maybe_recompile pc=0x000000011f268a54 method=java.util.regex.Matcher.search(I)Z @ 121 c2
Event: 37.113 Thread 0x00007fd6ec808a00 DEOPT PACKING pc=0x000000011f268a54 sp=0x0000700000a0d380
Event: 37.113 Thread 0x00007fd6ec808a00 DEOPT UNPACKING pc=0x00000001176e6099 sp=0x0000700000a0d360 mode 2
Event: 37.113 Thread 0x00007fd6ec808a00 Uncommon trap: trap_request=0xffffffde fr.pc=0x000000011f268a54 relative=0x0000000000000954
Event: 37.113 Thread 0x00007fd6ec808a00 Uncommon trap: reason=class_check action=maybe_recompile pc=0x000000011f268a54 method=java.util.regex.Matcher.search(I)Z @ 121 c2
Event: 37.113 Thread 0x00007fd6ec808a00 DEOPT PACKING pc=0x000000011f268a54 sp=0x0000700000a0d380
Event: 37.113 Thread 0x00007fd6ec808a00 DEOPT UNPACKING pc=0x00000001176e6099 sp=0x0000700000a0d360 mode 2
Event: 37.113 Thread 0x00007fd6ec808a00 Uncommon trap: trap_request=0xffffffde fr.pc=0x000000011f268a54 relative=0x0000000000000954
Event: 37.113 Thread 0x00007fd6ec808a00 Uncommon trap: reason=class_check action=maybe_recompile pc=0x000000011f268a54 method=java.util.regex.Matcher.search(I)Z @ 121 c2
Event: 37.113 Thread 0x00007fd6ec808a00 DEOPT PACKING pc=0x000000011f268a54 sp=0x0000700000a0d380
Event: 37.113 Thread 0x00007fd6ec808a00 DEOPT UNPACKING pc=0x00000001176e6099 sp=0x0000700000a0d360 mode 2

Classes unloaded (0 events):
No events

Classes redefined (2 events):
Event: 742.751 Thread 0x00007fd6ec014860 redefined class name=imop.lib.transform.simplify.ExpressionSimplifier, count=1
Event: 742.751 Thread 0x00007fd6ec014860 redefined class name=imop.lib.transform.simplify.ExpressionSimplifier$SimplificationString, count=1

Internal exceptions (12 events):
Event: 0.500 Thread 0x00007fd6ec808a00 Implicit null exception at 0x000000011f168ed5 to 0x000000011f169038
Event: 1.987 Thread 0x00007fd6ec808a00 Exception <a 'java/lang/NoSuchMethodError'{0x000000078793b620}: 'void java.lang.invoke.DirectMethodHandle$Holder.invokeStatic(java.lang.Object, java.lang.Object)'> (0x000000078793b620) 
thrown [open/src/hotspot/share/interpreter/linkResolver.cpp, line 766]
Event: 1.988 Thread 0x00007fd6ec808a00 Exception <a 'java/lang/NoSuchMethodError'{0x000000078793edf0}: 'void java.lang.invoke.DirectMethodHandle$Holder.invokeStaticInit(java.lang.Object, java.lang.Object)'> (0x000000078793edf0) 
thrown [open/src/hotspot/share/interpreter/linkResolver.cpp, line 766]
Event: 2.127 Thread 0x00007fd6ec808a00 Exception <a 'java/lang/NoSuchMethodError'{0x0000000787591308}: 'void java.lang.invoke.DirectMethodHandle$Holder.invokeStatic(java.lang.Object, java.lang.Object, java.lang.Object)'> (0x0000000787591308) 
thrown [open/src/hotspot/share/interpreter/linkResolver.cpp, line 766]
Event: 2.270 Thread 0x00007fd6ec808a00 Exception <a 'java/lang/NoSuchMethodError'{0x00000007872d5ec8}: 'java.lang.Object java.lang.invoke.DirectMethodHandle$Holder.invokeInterface(java.lang.Object, java.lang.Object)'> (0x00000007872d5ec8) 
thrown [open/src/hotspot/share/interpreter/linkResolver.cpp, line 766]
Event: 5.963 Thread 0x00007fd6ec808a00 Exception <a 'java/lang/reflect/InvocationTargetException'{0x00000007866302f8}> (0x00000007866302f8) 
thrown [open/src/hotspot/share/runtime/reflection.cpp, line 1121]
Event: 6.605 Thread 0x00007fd6ec808a00 Exception <a 'java/lang/reflect/InvocationTargetException'{0x0000000786651f00}> (0x0000000786651f00) 
thrown [open/src/hotspot/share/runtime/reflection.cpp, line 1121]
Event: 7.098 Thread 0x00007fd6ec808a00 Exception <a 'java/lang/reflect/InvocationTargetException'{0x0000000786673b08}> (0x0000000786673b08) 
thrown [open/src/hotspot/share/runtime/reflection.cpp, line 1121]
Event: 33.111 Thread 0x00007fd6ec808a00 Exception <a 'java/lang/reflect/InvocationTargetException'{0x0000000786188bb8}> (0x0000000786188bb8) 
thrown [open/src/hotspot/share/runtime/reflection.cpp, line 1121]
Event: 36.854 Thread 0x00007fd6ec808a00 Exception <a 'java/lang/NoSuchMethodError'{0x0000000786cbd420}: 'void java.lang.invoke.DirectMethodHandle$Holder.invokeStatic(java.lang.Object, java.lang.Object, java.lang.Object, java.lang.Object)'> (0x0000000786cbd420) 
thrown [open/src/hotspot/share/interpreter/linkResolver.cpp, line 766]
Event: 36.978 Thread 0x00007fd6ec808a00 Implicit null exception at 0x000000011f1d99f4 to 0x000000011f1dd1b4
Event: 36.992 Thread 0x00007fd6ec808a00 Exception <a 'java/lang/NoSuchMethodError'{0x0000000786965730}: 'void java.lang.invoke.DirectMethodHandle$Holder.invokeSpecial(java.lang.Object, java.lang.Object, java.lang.Object)'> (0x0000000786965730) 
thrown [open/src/hotspot/share/interpreter/linkResolver.cpp, line 766]

VM Operations (20 events):
Event: 702.598 Executing VM operation: get/set locals
Event: 702.598 Executing VM operation: get/set locals done
Event: 702.598 Executing VM operation: get/set locals
Event: 702.598 Executing VM operation: get/set locals done
Event: 702.598 Executing VM operation: get/set locals
Event: 702.598 Executing VM operation: get/set locals done
Event: 702.599 Executing VM operation: get/set locals
Event: 702.599 Executing VM operation: get/set locals done
Event: 742.704 Executing VM operation: ChangeSingleStep
Event: 742.704 Executing VM operation: ChangeSingleStep done
Event: 742.704 Executing VM operation: ChangeSingleStep
Event: 742.704 Executing VM operation: ChangeSingleStep done
Event: 742.746 Executing VM operation: RedefineClasses
Event: 742.757 Executing VM operation: RedefineClasses done
Event: 742.759 Executing VM operation: ChangeSingleStep
Event: 742.759 Executing VM operation: ChangeSingleStep done
Event: 742.760 Executing VM operation: get/set locals
Event: 742.760 Executing VM operation: get/set locals done
Event: 742.761 Executing VM operation: ChangeSingleStep
Event: 742.761 Executing VM operation: ChangeSingleStep done

Events (20 events):
Event: 2.078 loading class java/util/stream/SpinedBuffer done
Event: 2.078 loading class java/util/stream/Nodes$SpinedNodeBuilder done
Event: 2.078 loading class java/util/stream/MatchOps$MatchKind
Event: 2.079 loading class java/util/stream/MatchOps$MatchKind done
Event: 2.079 loading class java/util/stream/MatchOps
Event: 2.079 loading class java/util/stream/MatchOps done
Event: 2.079 loading class java/util/stream/MatchOps$MatchOp
Event: 2.079 loading class java/util/stream/MatchOps$MatchOp done
Event: 2.079 loading class java/util/stream/MatchOps$BooleanTerminalSink
Event: 2.079 loading class java/util/stream/MatchOps$BooleanTerminalSink done
Event: 2.079 loading class java/util/stream/MatchOps$1MatchSink
Event: 2.079 loading class java/util/stream/MatchOps$1MatchSink done
Event: 2.227 loading class java/util/Vector$Itr
Event: 2.227 loading class java/util/Vector$Itr done
Event: 2.233 loading class java/util/ComparableTimSort
Event: 2.233 loading class java/util/ComparableTimSort done
Event: 2.285 loading class java/lang/invoke/DirectMethodHandle$Special
Event: 2.285 loading class java/lang/invoke/DirectMethodHandle$Special done
Event: 2.305 loading class java/util/NoSuchElementException
Event: 2.305 loading class java/util/NoSuchElementException done


Dynamic libraries:
0x00007fff68df1000 	/usr/lib/libz.1.dylib
0x000000010a480000 	/Library/Java/JavaVirtualMachines/jdk-17.jdk/Contents/Home/lib/libjli.dylib
0x00007fff2e7ae000 	/System/Library/Frameworks/Cocoa.framework/Versions/A/Cocoa
0x00007fff3bfc9000 	/System/Library/Frameworks/Security.framework/Versions/A/Security
0x00007fff2d714000 	/System/Library/Frameworks/ApplicationServices.framework/Versions/A/ApplicationServices
0x00007fff668b3000 	/usr/lib/libSystem.B.dylib
0x00007fff696b2000 	/usr/lib/system/libcache.dylib
0x00007fff696b8000 	/usr/lib/system/libcommonCrypto.dylib
0x00007fff696c4000 	/usr/lib/system/libcompiler_rt.dylib
0x00007fff696cc000 	/usr/lib/system/libcopyfile.dylib
0x00007fff696d6000 	/usr/lib/system/libcorecrypto.dylib
0x00007fff69875000 	/usr/lib/system/libdispatch.dylib
0x00007fff698b6000 	/usr/lib/system/libdyld.dylib
0x00007fff698ed000 	/usr/lib/system/libkeymgr.dylib
0x00007fff698fb000 	/usr/lib/system/liblaunch.dylib
0x00007fff698fc000 	/usr/lib/system/libmacho.dylib
0x00007fff69902000 	/usr/lib/system/libquarantine.dylib
0x00007fff69905000 	/usr/lib/system/libremovefile.dylib
0x00007fff69907000 	/usr/lib/system/libsystem_asl.dylib
0x00007fff6991f000 	/usr/lib/system/libsystem_blocks.dylib
0x00007fff69920000 	/usr/lib/system/libsystem_c.dylib
0x00007fff699a8000 	/usr/lib/system/libsystem_configuration.dylib
0x00007fff699ac000 	/usr/lib/system/libsystem_coreservices.dylib
0x00007fff699b0000 	/usr/lib/system/libsystem_darwin.dylib
0x00007fff699b9000 	/usr/lib/system/libsystem_dnssd.dylib
0x00007fff699c1000 	/usr/lib/system/libsystem_featureflags.dylib
0x00007fff699c3000 	/usr/lib/system/libsystem_info.dylib
0x00007fff69a3e000 	/usr/lib/system/libsystem_m.dylib
0x00007fff69a86000 	/usr/lib/system/libsystem_malloc.dylib
0x00007fff69aae000 	/usr/lib/system/libsystem_networkextension.dylib
0x00007fff69abc000 	/usr/lib/system/libsystem_notify.dylib
0x00007fff69ada000 	/usr/lib/system/libsystem_sandbox.dylib
0x00007fff69adf000 	/usr/lib/system/libsystem_secinit.dylib
0x00007fff69a11000 	/usr/lib/system/libsystem_kernel.dylib
0x00007fff69ac6000 	/usr/lib/system/libsystem_platform.dylib
0x00007fff69acf000 	/usr/lib/system/libsystem_pthread.dylib
0x00007fff69ae2000 	/usr/lib/system/libsystem_symptoms.dylib
0x00007fff69aea000 	/usr/lib/system/libsystem_trace.dylib
0x00007fff69b02000 	/usr/lib/system/libunwind.dylib
0x00007fff69b08000 	/usr/lib/system/libxpc.dylib
0x00007fff68715000 	/usr/lib/libobjc.A.dylib
0x00007fff66bec000 	/usr/lib/libc++abi.dylib
0x00007fff66b99000 	/usr/lib/libc++.1.dylib
0x00007fff2f650000 	/System/Library/Frameworks/CoreFoundation.framework/Versions/A/CoreFoundation
0x00007fff31d10000 	/System/Library/Frameworks/Foundation.framework/Versions/C/Foundation
0x00007fff2c906000 	/System/Library/Frameworks/AppKit.framework/Versions/C/AppKit
0x00007fff2f132000 	/System/Library/Frameworks/CoreData.framework/Versions/A/CoreData
0x00007fff608a0000 	/System/Library/PrivateFrameworks/UIFoundation.framework/Versions/A/UIFoundation
0x00007fff5b934000 	/System/Library/PrivateFrameworks/RemoteViewServices.framework/Versions/A/RemoteViewServices
0x00007fff63423000 	/System/Library/PrivateFrameworks/XCTTargetBootstrap.framework/Versions/A/XCTTargetBootstrap
0x00007fff2f51d000 	/System/Library/Frameworks/CoreDisplay.framework/Versions/A/CoreDisplay
0x00007fff34bcb000 	/System/Library/Frameworks/Metal.framework/Versions/A/Metal
0x00007fff497c4000 	/System/Library/PrivateFrameworks/DesktopServicesPriv.framework/Versions/A/DesktopServicesPriv
0x00007fff679f0000 	/usr/lib/liblangid.dylib
0x00007fff48a59000 	/System/Library/PrivateFrameworks/CoreSVG.framework/Versions/A/CoreSVG
0x00007fff5ea90000 	/System/Library/PrivateFrameworks/SkyLight.framework/Versions/A/SkyLight
0x00007fff2fad3000 	/System/Library/Frameworks/CoreGraphics.framework/Versions/A/CoreGraphics
0x00007fff2b2da000 	/System/Library/Frameworks/Accelerate.framework/Versions/A/Accelerate
0x00007fff68ce2000 	/usr/lib/libxml2.2.dylib
0x00007fff54766000 	/System/Library/PrivateFrameworks/IconServices.framework/Versions/A/IconServices
0x00007fff324ef000 	/System/Library/Frameworks/IOSurface.framework/Versions/A/IOSurface
0x00007fff663dd000 	/usr/lib/libDiagnosticMessagesClient.dylib
0x00007fff4961e000 	/System/Library/PrivateFrameworks/DFRFoundation.framework/Versions/A/DFRFoundation
0x00007fff6777f000 	/usr/lib/libicucore.A.dylib
0x00007fff2da46000 	/System/Library/Frameworks/AudioToolbox.framework/Versions/A/AudioToolbox
0x00007fff2db29000 	/System/Library/Frameworks/AudioUnit.framework/Versions/A/AudioUnit
0x00007fff66ab5000 	/usr/lib/libauto.dylib
0x00007fff496c0000 	/System/Library/PrivateFrameworks/DataDetectorsCore.framework/Versions/A/DataDetectorsCore
0x00007fff2e2cf000 	/System/Library/Frameworks/Carbon.framework/Versions/A/Frameworks/HIToolbox.framework/Versions/A/HIToolbox
0x00007fff3b1c2000 	/System/Library/Frameworks/QuartzCore.framework/Versions/A/QuartzCore
0x00007fff2e60e000 	/System/Library/Frameworks/Carbon.framework/Versions/A/Frameworks/SpeechRecognition.framework/Versions/A/SpeechRecognition
0x00007fff49132000 	/System/Library/PrivateFrameworks/CoreUI.framework/Versions/A/CoreUI
0x00007fff2eb9d000 	/System/Library/Frameworks/CoreAudio.framework/Versions/A/CoreAudio
0x00007fff319cf000 	/System/Library/Frameworks/DiskArbitration.framework/Versions/A/DiskArbitration
0x00007fff5690d000 	/System/Library/PrivateFrameworks/MultitouchSupport.framework/Versions/A/MultitouchSupport
0x00007fff67644000 	/usr/lib/libenergytrace.dylib
0x00007fff32449000 	/System/Library/Frameworks/IOKit.framework/Versions/A/IOKit
0x00007fff30a3a000 	/System/Library/Frameworks/CoreServices.framework/Versions/A/CoreServices
0x00007fff58ac7000 	/System/Library/PrivateFrameworks/PerformanceAnalysis.framework/Versions/A/PerformanceAnalysis
0x00007fff3a1f5000 	/System/Library/Frameworks/OpenGL.framework/Versions/A/OpenGL
0x00007fff2e7bc000 	/System/Library/Frameworks/ColorSync.framework/Versions/A/ColorSync
0x00007fff30156000 	/System/Library/Frameworks/CoreImage.framework/Versions/A/CoreImage
0x00007fff314ae000 	/System/Library/Frameworks/CoreText.framework/Versions/A/CoreText
0x00007fff3257f000 	/System/Library/Frameworks/ImageIO.framework/Versions/A/ImageIO
0x00007fff66c15000 	/usr/lib/libcompression.dylib
0x00007fff66721000 	/usr/lib/libMobileGestalt.dylib
0x00007fff6060a000 	/System/Library/PrivateFrameworks/TextureIO.framework/Versions/A/TextureIO
0x00007fff66a18000 	/usr/lib/libate.dylib
0x00007fff5496f000 	/System/Library/PrivateFrameworks/InternationalSupport.framework/Versions/A/InternationalSupport
0x00007fff679f2000 	/usr/lib/liblzma.5.dylib
0x00007fff6766d000 	/usr/lib/libfakelink.dylib
0x00007fff669a5000 	/usr/lib/libarchive.2.dylib
0x00007fff3d07c000 	/System/Library/Frameworks/SystemConfiguration.framework/Versions/A/SystemConfiguration
0x00007fff66310000 	/usr/lib/libCRFSuite.dylib
0x00007fff2dec0000 	/System/Library/Frameworks/CFNetwork.framework/Versions/A/CFNetwork
0x00007fff66b7b000 	/usr/lib/libbsm.0.dylib
0x00007fff698ee000 	/usr/lib/system/libkxld.dylib
0x00007fff42f98000 	/System/Library/PrivateFrameworks/AppleFSCompression.framework/Versions/A/AppleFSCompression
0x00007fff66f06000 	/usr/lib/libcoretls.dylib
0x00007fff66f1d000 	/usr/lib/libcoretls_cfhelpers.dylib
0x00007fff6875b000 	/usr/lib/libpam.2.dylib
0x00007fff68890000 	/usr/lib/libsqlite3.dylib
0x00007fff68ccf000 	/usr/lib/libxar.1.dylib
0x00007fff66b8c000 	/usr/lib/libbz2.1.0.dylib
0x00007fff6768e000 	/usr/lib/libiconv.2.dylib
0x00007fff66c02000 	/usr/lib/libcharset.1.dylib
0x00007fff681f8000 	/usr/lib/libnetwork.dylib
0x00007fff68762000 	/usr/lib/libpcap.A.dylib
0x00007fff6695a000 	/usr/lib/libapple_nghttp2.dylib
0x00007fff30df1000 	/System/Library/Frameworks/CoreServices.framework/Versions/A/Frameworks/FSEvents.framework/Versions/A/FSEvents
0x00007fff30ac1000 	/System/Library/Frameworks/CoreServices.framework/Versions/A/Frameworks/CarbonCore.framework/Versions/A/CarbonCore
0x00007fff31036000 	/System/Library/Frameworks/CoreServices.framework/Versions/A/Frameworks/Metadata.framework/Versions/A/Metadata
0x00007fff310cf000 	/System/Library/Frameworks/CoreServices.framework/Versions/A/Frameworks/OSServices.framework/Versions/A/OSServices
0x00007fff310fd000 	/System/Library/Frameworks/CoreServices.framework/Versions/A/Frameworks/SearchKit.framework/Versions/A/SearchKit
0x00007fff30a3b000 	/System/Library/Frameworks/CoreServices.framework/Versions/A/Frameworks/AE.framework/Versions/A/AE
0x00007fff30dfa000 	/System/Library/Frameworks/CoreServices.framework/Versions/A/Frameworks/LaunchServices.framework/Versions/A/LaunchServices
0x00007fff30da3000 	/System/Library/Frameworks/CoreServices.framework/Versions/A/Frameworks/DictionaryServices.framework/Versions/A/DictionaryServices
0x00007fff31165000 	/System/Library/Frameworks/CoreServices.framework/Versions/A/Frameworks/SharedFileList.framework/Versions/A/SharedFileList
0x00007fff36014000 	/System/Library/Frameworks/NetFS.framework/Versions/A/NetFS
0x00007fff56e3d000 	/System/Library/PrivateFrameworks/NetAuth.framework/Versions/A/NetAuth
0x00007fff637f0000 	/System/Library/PrivateFrameworks/login.framework/Versions/A/Frameworks/loginsupport.framework/Versions/A/loginsupport
0x00007fff600d5000 	/System/Library/PrivateFrameworks/TCC.framework/Versions/A/TCC
0x00007fff47bcc000 	/System/Library/PrivateFrameworks/CoreNLP.framework/Versions/A/CoreNLP
0x00007fff561e3000 	/System/Library/PrivateFrameworks/MetadataUtilities.framework/Versions/A/MetadataUtilities
0x00007fff67aca000 	/usr/lib/libmecabra.dylib
0x00007fff67a22000 	/usr/lib/libmecab.dylib
0x00007fff6767e000 	/usr/lib/libgermantok.dylib
0x00007fff66941000 	/usr/lib/libThaiTokenizer.dylib
0x00007fff66347000 	/usr/lib/libChineseTokenizer.dylib
0x00007fff2b2f2000 	/System/Library/Frameworks/Accelerate.framework/Versions/A/Frameworks/vImage.framework/Versions/A/vImage
0x00007fff2c75c000 	/System/Library/Frameworks/Accelerate.framework/Versions/A/Frameworks/vecLib.framework/Versions/A/vecLib
0x00007fff2c699000 	/System/Library/Frameworks/Accelerate.framework/Versions/A/Frameworks/vecLib.framework/Versions/A/libvMisc.dylib
0x00007fff2c4c1000 	/System/Library/Frameworks/Accelerate.framework/Versions/A/Frameworks/vecLib.framework/Versions/A/libvDSP.dylib
0x00007fff2b949000 	/System/Library/Frameworks/Accelerate.framework/Versions/A/Frameworks/vecLib.framework/Versions/A/libBLAS.dylib
0x00007fff2c085000 	/System/Library/Frameworks/Accelerate.framework/Versions/A/Frameworks/vecLib.framework/Versions/A/libLAPACK.dylib
0x00007fff2c421000 	/System/Library/Frameworks/Accelerate.framework/Versions/A/Frameworks/vecLib.framework/Versions/A/libLinearAlgebra.dylib
0x00007fff2c4ae000 	/System/Library/Frameworks/Accelerate.framework/Versions/A/Frameworks/vecLib.framework/Versions/A/libSparseBLAS.dylib
0x00007fff2c437000 	/System/Library/Frameworks/Accelerate.framework/Versions/A/Frameworks/vecLib.framework/Versions/A/libQuadrature.dylib
0x00007fff2bbb1000 	/System/Library/Frameworks/Accelerate.framework/Versions/A/Frameworks/vecLib.framework/Versions/A/libBNNS.dylib
0x00007fff2c43d000 	/System/Library/Frameworks/Accelerate.framework/Versions/A/Frameworks/vecLib.framework/Versions/A/libSparse.dylib
0x00007fff54d57000 	/System/Library/PrivateFrameworks/LanguageModeling.framework/Versions/A/LanguageModeling
0x00007fff4757b000 	/System/Library/PrivateFrameworks/CoreEmoji.framework/Versions/A/CoreEmoji
0x00007fff54e75000 	/System/Library/PrivateFrameworks/LinguisticData.framework/Versions/A/LinguisticData
0x00007fff54e26000 	/System/Library/PrivateFrameworks/Lexicon.framework/Versions/A/Lexicon
0x00007fff66c03000 	/usr/lib/libcmph.dylib
0x00007fff38c03000 	/System/Library/Frameworks/OpenDirectory.framework/Versions/A/Frameworks/CFOpenDirectory.framework/Versions/A/CFOpenDirectory
0x00007fff38c20000 	/System/Library/Frameworks/OpenDirectory.framework/Versions/A/OpenDirectory
0x00007fff41066000 	/System/Library/PrivateFrameworks/APFS.framework/Versions/A/APFS
0x00007fff3c315000 	/System/Library/Frameworks/SecurityFoundation.framework/Versions/A/SecurityFoundation
0x00007fff68ccb000 	/usr/lib/libutil.dylib
0x00007fff48ab1000 	/System/Library/PrivateFrameworks/CoreServicesStore.framework/Versions/A/CoreServicesStore
0x00007fff3c3cc000 	/System/Library/Frameworks/ServiceManagement.framework/Versions/A/ServiceManagement
0x00007fff44769000 	/System/Library/PrivateFrameworks/BackgroundTaskManagement.framework/Versions/A/BackgroundTaskManagement
0x00007fff68dc8000 	/usr/lib/libxslt.1.dylib
0x00007fff4360b000 	/System/Library/PrivateFrameworks/AppleSystemInfo.framework/Versions/A/AppleSystemInfo
0x00007fff3279c000 	/System/Library/Frameworks/ImageIO.framework/Versions/A/Resources/libJPEG.dylib
0x00007fff32a59000 	/System/Library/Frameworks/ImageIO.framework/Versions/A/Resources/libTIFF.dylib
0x00007fff32a3c000 	/System/Library/Frameworks/ImageIO.framework/Versions/A/Resources/libPng.dylib
0x00007fff326de000 	/System/Library/Frameworks/ImageIO.framework/Versions/A/Resources/libGIF.dylib
0x00007fff326e2000 	/System/Library/Frameworks/ImageIO.framework/Versions/A/Resources/libJP2.dylib
0x00007fff32a57000 	/System/Library/Frameworks/ImageIO.framework/Versions/A/Resources/libRadiance.dylib
0x00007fff67645000 	/usr/lib/libexpat.1.dylib
0x00007fff430f3000 	/System/Library/PrivateFrameworks/AppleJPEG.framework/Versions/A/AppleJPEG
0x00007fff4bdc7000 	/System/Library/PrivateFrameworks/FontServices.framework/libFontParser.dylib
0x00007fff627f2000 	/System/Library/PrivateFrameworks/WatchdogClient.framework/Versions/A/WatchdogClient
0x00007fff543b2000 	/System/Library/PrivateFrameworks/IOAccelerator.framework/Versions/A/IOAccelerator
0x00007fff34f66000 	/System/Library/Frameworks/MetalPerformanceShaders.framework/Versions/A/MetalPerformanceShaders
0x00007fff50b42000 	/System/Library/PrivateFrameworks/GPUWrangler.framework/Versions/A/GPUWrangler
0x00007fff543c7000 	/System/Library/PrivateFrameworks/IOPresentment.framework/Versions/A/IOPresentment
0x00007fff49631000 	/System/Library/PrivateFrameworks/DSExternalDisplay.framework/Versions/A/DSExternalDisplay
0x00007fff39594000 	/System/Library/Frameworks/OpenGL.framework/Versions/A/Libraries/libCoreFSCache.dylib
0x00007fff34cb2000 	/System/Library/Frameworks/MetalPerformanceShaders.framework/Frameworks/MPSCore.framework/Versions/A/MPSCore
0x00007fff34cf0000 	/System/Library/Frameworks/MetalPerformanceShaders.framework/Frameworks/MPSImage.framework/Versions/A/MPSImage
0x00007fff34db7000 	/System/Library/Frameworks/MetalPerformanceShaders.framework/Frameworks/MPSNeuralNetwork.framework/Versions/A/MPSNeuralNetwork
0x00007fff34d7b000 	/System/Library/Frameworks/MetalPerformanceShaders.framework/Frameworks/MPSMatrix.framework/Versions/A/MPSMatrix
0x00007fff34f16000 	/System/Library/Frameworks/MetalPerformanceShaders.framework/Frameworks/MPSRayIntersector.framework/Versions/A/MPSRayIntersector
0x00007fff34da1000 	/System/Library/Frameworks/MetalPerformanceShaders.framework/Frameworks/MPSNDArray.framework/Versions/A/MPSNDArray
0x00007fff56230000 	/System/Library/PrivateFrameworks/MetalTools.framework/Versions/A/MetalTools
0x00007fff42240000 	/System/Library/PrivateFrameworks/AggregateDictionary.framework/Versions/A/AggregateDictionary
0x00007fff46fc3000 	/System/Library/PrivateFrameworks/CoreAnalytics.framework/Versions/A/CoreAnalytics
0x00007fff4352a000 	/System/Library/PrivateFrameworks/AppleSauce.framework/Versions/A/AppleSauce
0x00007fff66603000 	/usr/lib/libIOReport.dylib
0x00007fff31666000 	/System/Library/Frameworks/CoreVideo.framework/Versions/A/CoreVideo
0x00007fff51fbb000 	/System/Library/PrivateFrameworks/GraphVisualizer.framework/Versions/A/GraphVisualizer
0x00007fff4b30d000 	/System/Library/PrivateFrameworks/FaceCore.framework/Versions/A/FaceCore
0x00007fff38baa000 	/System/Library/Frameworks/OpenCL.framework/Versions/A/OpenCL
0x00007fff66425000 	/usr/lib/libFosl_dynamic.dylib
0x00007fff5785e000 	/System/Library/PrivateFrameworks/OTSVG.framework/Versions/A/OTSVG
0x00007fff2d819000 	/System/Library/Frameworks/ApplicationServices.framework/Versions/A/Frameworks/ATS.framework/Versions/A/Resources/libFontRegistry.dylib
0x00007fff4bf96000 	/System/Library/PrivateFrameworks/FontServices.framework/libhvf.dylib
0x00007fff3959f000 	/System/Library/Frameworks/OpenGL.framework/Versions/A/Libraries/libGFXShared.dylib
0x00007fff3977d000 	/System/Library/Frameworks/OpenGL.framework/Versions/A/Libraries/libGLU.dylib
0x00007fff395a8000 	/System/Library/Frameworks/OpenGL.framework/Versions/A/Libraries/libGL.dylib
0x00007fff395b3000 	/System/Library/Frameworks/OpenGL.framework/Versions/A/Libraries/libGLImage.dylib
0x00007fff39591000 	/System/Library/Frameworks/OpenGL.framework/Versions/A/Libraries/libCVMSPluginSupport.dylib
0x00007fff3959a000 	/System/Library/Frameworks/OpenGL.framework/Versions/A/Libraries/libCoreVMClient.dylib
0x00007fff68099000 	/usr/lib/libncurses.5.4.dylib
0x00007fff2d715000 	/System/Library/Frameworks/ApplicationServices.framework/Versions/A/Frameworks/ATS.framework/Versions/A/ATS
0x00007fff2d8e2000 	/System/Library/Frameworks/ApplicationServices.framework/Versions/A/Frameworks/ColorSyncLegacy.framework/Versions/A/ColorSyncLegacy
0x00007fff2d980000 	/System/Library/Frameworks/ApplicationServices.framework/Versions/A/Frameworks/HIServices.framework/Versions/A/HIServices
0x00007fff2d9d8000 	/System/Library/Frameworks/ApplicationServices.framework/Versions/A/Frameworks/LangAnalysis.framework/Versions/A/LangAnalysis
0x00007fff2d9e7000 	/System/Library/Frameworks/ApplicationServices.framework/Versions/A/Frameworks/PrintCore.framework/Versions/A/PrintCore
0x00007fff2da2d000 	/System/Library/Frameworks/ApplicationServices.framework/Versions/A/Frameworks/QD.framework/Versions/A/QD
0x00007fff2da38000 	/System/Library/Frameworks/ApplicationServices.framework/Versions/A/Frameworks/SpeechSynthesis.framework/Versions/A/SpeechSynthesis
0x00007fff2d8b2000 	/System/Library/Frameworks/ApplicationServices.framework/Versions/A/Frameworks/ATSUI.framework/Versions/A/ATSUI
0x00007fff674db000 	/usr/lib/libcups.2.dylib
0x00007fff34001000 	/System/Library/Frameworks/Kerberos.framework/Versions/A/Kerberos
0x00007fff32142000 	/System/Library/Frameworks/GSS.framework/Versions/A/GSS
0x00007fff6881c000 	/usr/lib/libresolv.9.dylib
0x00007fff52168000 	/System/Library/PrivateFrameworks/Heimdal.framework/Versions/A/Heimdal
0x00007fff34014000 	/System/Library/Frameworks/Kerberos.framework/Versions/A/Libraries/libHeimdalProxy.dylib
0x00007fff67684000 	/usr/lib/libheimdal-asn1.dylib
0x00007fff4645b000 	/System/Library/PrivateFrameworks/CommonAuth.framework/Versions/A/CommonAuth
0x00007fff436a8000 	/System/Library/PrivateFrameworks/AssertionServices.framework/Versions/A/AssertionServices
0x00007fff4424b000 	/System/Library/PrivateFrameworks/AudioToolboxCore.framework/Versions/A/AudioToolboxCore
0x00007fff634a0000 	/System/Library/PrivateFrameworks/caulk.framework/Versions/A/caulk
0x00007fff44815000 	/System/Library/PrivateFrameworks/BaseBoard.framework/Versions/A/BaseBoard
0x00007fff5bac2000 	/System/Library/PrivateFrameworks/RunningBoardServices.framework/Versions/A/RunningBoardServices
0x00007fff58ad3000 	/System/Library/PrivateFrameworks/PersistentConnection.framework/Versions/A/PersistentConnection
0x00007fff5b4bb000 	/System/Library/PrivateFrameworks/ProtocolBuffer.framework/Versions/A/ProtocolBuffer
0x00007fff4647f000 	/System/Library/PrivateFrameworks/CommonUtilities.framework/Versions/A/CommonUtilities
0x00007fff449a3000 	/System/Library/PrivateFrameworks/Bom.framework/Versions/A/Bom
0x00007fff662d6000 	/usr/lib/libAudioToolboxUtility.dylib
0x00007fff44773000 	/System/Library/PrivateFrameworks/Backup.framework/Versions/A/Backup
0x00007fff49552000 	/System/Library/PrivateFrameworks/CrashReporterSupport.framework/Versions/A/CrashReporterSupport
0x00007fff5d554000 	/System/Library/PrivateFrameworks/Sharing.framework/Versions/A/Sharing
0x00007fff42cb6000 	/System/Library/PrivateFrameworks/Apple80211.framework/Versions/A/Apple80211
0x00007fff44490000 	/System/Library/PrivateFrameworks/AuthKit.framework/Versions/A/AuthKit
0x00007fff4925f000 	/System/Library/PrivateFrameworks/CoreUtils.framework/Versions/A/CoreUtils
0x00007fff316ab000 	/System/Library/Frameworks/CoreWLAN.framework/Versions/A/CoreWLAN
0x00007fff322cf000 	/System/Library/Frameworks/IOBluetooth.framework/Versions/A/IOBluetooth
0x00007fff5668c000 	/System/Library/PrivateFrameworks/MobileKeyBag.framework/Versions/A/MobileKeyBag
0x00007fff48064000 	/System/Library/PrivateFrameworks/CorePhoneNumbers.framework/Versions/A/CorePhoneNumbers
0x00007fff430a6000 	/System/Library/PrivateFrameworks/AppleIDAuthSupport.framework/Versions/A/AppleIDAuthSupport
0x00007fff36021000 	/System/Library/Frameworks/Network.framework/Versions/A/Network
0x00007fff54c03000 	/System/Library/PrivateFrameworks/KeychainCircle.framework/Versions/A/KeychainCircle
0x00007fff2f0f9000 	/System/Library/Frameworks/CoreBluetooth.framework/Versions/A/CoreBluetooth
0x00007fff5f5d3000 	/System/Library/PrivateFrameworks/SpeechRecognitionCore.framework/Versions/A/SpeechRecognitionCore
0x000000010ae00000 	/Library/Java/JavaVirtualMachines/jdk-17.jdk/Contents/Home/lib/server/libjvm.dylib
0x000000010a4a4000 	/Library/Java/JavaVirtualMachines/jdk-17.jdk/Contents/Home/lib/libjimage.dylib
0x000000010a4b6000 	/Library/Java/JavaVirtualMachines/jdk-17.jdk/Contents/Home/lib/libjdwp.dylib
0x000000010a4fa000 	/Library/Java/JavaVirtualMachines/jdk-17.jdk/Contents/Home/lib/libjava.dylib
0x000000010a52a000 	/Library/Java/JavaVirtualMachines/jdk-17.jdk/Contents/Home/lib/libinstrument.dylib
0x000000010a5e6000 	/Library/Java/JavaVirtualMachines/jdk-17.jdk/Contents/Home/lib/libdt_socket.dylib
0x000000010ec2e000 	/Library/Java/JavaVirtualMachines/jdk-17.jdk/Contents/Home/lib/libzip.dylib
0x000000010ec42000 	/Library/Java/JavaVirtualMachines/jdk-17.jdk/Contents/Home/lib/libnio.dylib
0x000000010ec5e000 	/Library/Java/JavaVirtualMachines/jdk-17.jdk/Contents/Home/lib/libnet.dylib
0x000000010ec7e000 	/Library/Java/JavaVirtualMachines/jdk-17.jdk/Contents/Home/lib/libverify.dylib


VM Arguments:
jvm_args: -XX:+ShowCodeDetailsInExceptionMessages -agentlib:jdwp=transport=dt_socket,suspend=y,address=localhost:62418 -javaagent:/Users/adityaagrawal/eclipse/java-2021-09/Eclipse.app/Contents/Eclipse/configuration/org.eclipse.osgi/213/0/.cp/lib/javaagent-shaded.jar -Dfile.encoding=UTF-8 
java_command: UWOmpBuilder
java_class_path (initial): /Users/adityaagrawal/imop-project/bin:/Users/adityaagrawal/imop-project/jtb132.jar:/Users/adityaagrawal/imop-project/third-party-tools/com.microsoft.z3.jar:/Users/adityaagrawal/imop-project/third-party-tools/jtb132.jar:/Users/adityaagrawal/imop-project/third-party-tools/junit.jar:/Users/adityaagrawal/imop-project/third-party-tools/org.hamcrest.core_1.3.0.v201303031735.jar
Launcher Type: SUN_STANDARD

[Global flags]
     intx CICompilerCount                          = 3                                         {product} {ergonomic}
     uint ConcGCThreads                            = 1                                         {product} {ergonomic}
     uint G1ConcRefinementThreads                  = 4                                         {product} {ergonomic}
   size_t G1HeapRegionSize                         = 1048576                                   {product} {ergonomic}
    uintx GCDrainStackTargetSize                   = 64                                        {product} {ergonomic}
   size_t InitialHeapSize                          = 134217728                                 {product} {ergonomic}
   size_t MarkStackSize                            = 4194304                                   {product} {ergonomic}
   size_t MaxHeapSize                              = 2147483648                                {product} {ergonomic}
   size_t MaxNewSize                               = 1287651328                                {product} {ergonomic}
   size_t MinHeapDeltaBytes                        = 1048576                                   {product} {ergonomic}
   size_t MinHeapSize                              = 8388608                                   {product} {ergonomic}
    uintx NonNMethodCodeHeapSize                   = 5832780                                {pd product} {ergonomic}
    uintx NonProfiledCodeHeapSize                  = 122912730                              {pd product} {ergonomic}
    uintx ProfiledCodeHeapSize                     = 122912730                              {pd product} {ergonomic}
    uintx ReservedCodeCacheSize                    = 251658240                              {pd product} {ergonomic}
     bool SegmentedCodeCache                       = true                                      {product} {ergonomic}
     bool ShowCodeDetailsInExceptionMessages       = true                                   {manageable} {command line}
   size_t SoftMaxHeapSize                          = 2147483648                             {manageable} {ergonomic}
     bool UseCompressedClassPointers               = true                           {product lp64_product} {ergonomic}
     bool UseCompressedOops                        = true                           {product lp64_product} {ergonomic}
     bool UseG1GC                                  = true                                      {product} {ergonomic}
     bool UseNUMA                                  = false                                     {product} {ergonomic}
     bool UseNUMAInterleaving                      = false                                     {product} {ergonomic}

Logging:
Log output configuration:
 #0: stdout all=warning uptime,level,tags
 #1: stderr all=off uptime,level,tags

Environment Variables:
PATH=/usr/bin:/bin:/usr/sbin:/sbin
SHELL=/bin/zsh

Signal Handlers:
   SIGSEGV: _ZL13crash_handleriP9__siginfoPv in libjvm.dylib, mask=11100110000111110111111111111111, flags=SA_RESTART|SA_SIGINFO
    SIGBUS: _ZL13crash_handleriP9__siginfoPv in libjvm.dylib, mask=11100110000111110111111111111111, flags=SA_RESTART|SA_SIGINFO
    SIGFPE: _ZL13crash_handleriP9__siginfoPv in libjvm.dylib, mask=11100110000111110111111111111111, flags=SA_RESTART|SA_SIGINFO
   SIGPIPE: _ZL17javaSignalHandleriP9__siginfoPv in libjvm.dylib, mask=11100110000111110111111111111111, flags=SA_RESTART|SA_SIGINFO
   SIGXFSZ: _ZL17javaSignalHandleriP9__siginfoPv in libjvm.dylib, mask=11100110000111110111111111111111, flags=SA_RESTART|SA_SIGINFO
    SIGILL: _ZL13crash_handleriP9__siginfoPv in libjvm.dylib, mask=11100110000111110111111111111111, flags=SA_RESTART|SA_SIGINFO
   SIGUSR2: _ZL10SR_handleriP9__siginfoP17__darwin_ucontext in libjvm.dylib, mask=00100000000000000000000000000000, flags=SA_RESTART|SA_SIGINFO
    SIGHUP: _ZL11UserHandleriPvS_ in libjvm.dylib, mask=11100110000111110111111111111111, flags=SA_RESTART|SA_SIGINFO
    SIGINT: _ZL11UserHandleriPvS_ in libjvm.dylib, mask=11100110000111110111111111111111, flags=SA_RESTART|SA_SIGINFO
   SIGTERM: _ZL11UserHandleriPvS_ in libjvm.dylib, mask=11100110000111110111111111111111, flags=SA_RESTART|SA_SIGINFO
   SIGQUIT: _ZL11UserHandleriPvS_ in libjvm.dylib, mask=11100110000111110111111111111111, flags=SA_RESTART|SA_SIGINFO
   SIGTRAP: _ZL13crash_handleriP9__siginfoPv in libjvm.dylib, mask=11100110000111110111111111111111, flags=SA_RESTART|SA_SIGINFO


---------------  S Y S T E M  ---------------

OS:
uname: Darwin 19.6.0 Darwin Kernel Version 19.6.0: Thu Sep 16 20:58:47 PDT 2021; root:xnu-6153.141.40.1~1/RELEASE_X86_64 x86_64
OS uptime: 2 days 4:22 hours
rlimit (soft/hard): STACK 8192k/65532k , CORE 0k/infinity , NPROC 1392/2088 , NOFILE 10240/infinity , AS infinity/infinity , CPU infinity/infinity , DATA infinity/infinity , FSIZE infinity/infinity , MEMLOCK infinity/infinity , RSS infinity/infinity
load average: 1.76 1.71 1.59

CPU: total 4 (initial active 4) (4 cores per cpu, 1 threads per core) family 6 model 70 stepping 1 microcode 0x1c, cx8, cmov, fxsr, mmx, sse, sse2, sse3, ssse3, sse4.1, sse4.2, popcnt, lzcnt, tsc, tscinvbit, avx, avx2, aes, erms, clmul, bmi1, bmi2, fma, vzeroupper, clflush

Memory: 4k page, physical 8388608k(40768k free), swap 1048576k(962304k free)

vm_info: Java HotSpot(TM) 64-Bit Server VM (17+35-LTS-2724) for bsd-amd64 JRE (17+35-LTS-2724), built on Aug  5 2021 22:37:01 by "mach5one" with clang Apple LLVM 12.0.0 (clang-1200.0.32.29)

END.
